<?xml version="1.0" encoding="UTF-8"?>
<!-- Generated by org.testng.reporters.JUnitXMLReporter -->
<testsuite ignored="0" hostname="LAPTOP-MBVVQQFB" failures="1" tests="3" name="EdgeTest" time="19.323" errors="0" timestamp="2022-05-27T16:07:24 IST">
  <testcase classname="jQueryAppTestNg.VerifyDemosHeadersOfJQuery" name="VerifyDemosTab" time="1.103">
    <failure type="java.lang.AssertionError" message="expected [https://jqueryui.com/demos/] but found [https://jqueryui.com/demo/]">
      <![CDATA[java.lang.AssertionError: expected [https://jqueryui.com/demos/] but found [https://jqueryui.com/demo/]
at jQueryAppTestNg.VerifyDemosHeadersOfJQuery.VerifyDemosTab(VerifyDemosHeadersOfJQuery.java:69)
at java.base/java.util.concurrent.ThreadPoolExecutor.runWorker(ThreadPoolExecutor.java:1136)
at java.base/java.util.concurrent.ThreadPoolExecutor$Worker.run(ThreadPoolExecutor.java:635)
at java.base/java.lang.Thread.run(Thread.java:833)
... Removed 18 stack frames]]>
    </failure>
  </testcase> <!-- VerifyDemosTab -->
  <testcase classname="jQueryAppTestNg.VerifyDroppablePageofJQuery" name="verifyDroppableTab" time="2.49"/>
  <testcase classname="jQueryAppTestNg.VerifyDraggablepageofJquery" name="verifyDraggableTab" time="3.827"/>
</testsuite> <!-- EdgeTest -->
